Arguments: 
  C:\Program Files\nodejs\node.exe C:\Users\run\AppData\Roaming\npm\node_modules\yarn\bin\yarn.js add @utils/redux --silent --no-progress

PATH: 
  C:\Users\run\AppData\Roaming\npm\node_modules\npm\node_modules\npm-lifecycle\node-gyp-bin;C:\Users\run\lhy-project\taro\node_modules\.bin;C:\Users\run\AppData\Roaming\npm\node_modules\npm\node_modules\npm-lifecycle\node-gyp-bin;C:\Users\run\lhy-project\taro\node_modules\.bin;C:\Program Files (x86)\Intel\iCLS Client\;C:\Program Files\Intel\iCLS Client\;C:\WINDOWS\system32;C:\WINDOWS;C:\WINDOWS\System32\Wbem;C:\WINDOWS\System32\WindowsPowerShell\v1.0\;C:\Program Files (x86)\Intel\Intel(R) Management Engine Components\DAL;C:\Program Files\Intel\Intel(R) Management Engine Components\DAL;C:\Program Files (x86)\Intel\Intel(R) Management Engine Components\IPT;C:\Program Files\Intel\Intel(R) Management Engine Components\IPT;D:\Java相关工具\Jdk7x64\bin;C:\;rogram Files\Git\cmd;C:\Program Files\nodejs\node_modules;C:\Program Files\Git\cmd;C:\WINDOWS\System32\OpenSSH\;C:\Program Files\TortoiseSVN\bin;C:\Program Files\nodejs\;d:\sys\Ruby23\bin;C:\Users\run\AppData\Local\Microsoft\WindowsApps;;C:\Program Files\Microsoft VS Code\bin;C:\Users\run\AppData\Roaming\npm

Yarn version: 
  1.15.2

Node version: 
  10.14.0

Platform: 
  win32 x64

Trace: 
  Error: https://r.cnpmjs.org/@utils%2fredux: [not_found] document not found
      at Request.params.callback [as _callback] (C:\Users\run\AppData\Roaming\npm\node_modules\yarn\lib\cli.js:66058:18)
      at Request.self.callback (C:\Users\run\AppData\Roaming\npm\node_modules\yarn\lib\cli.js:129541:22)
      at Request.emit (events.js:182:13)
      at Request.<anonymous> (C:\Users\run\AppData\Roaming\npm\node_modules\yarn\lib\cli.js:130513:10)
      at Request.emit (events.js:182:13)
      at Gunzip.<anonymous> (C:\Users\run\AppData\Roaming\npm\node_modules\yarn\lib\cli.js:130435:12)
      at Object.onceWrapper (events.js:273:13)
      at Gunzip.emit (events.js:187:15)
      at endReadableNT (_stream_readable.js:1094:12)
      at process._tickCallback (internal/process/next_tick.js:63:19)

npm manifest: 
  {
  	"name": "taro",
  	"version": "1.0.0",
  	"private": true,
  	"description": "Taro",
  	"scripts": {
  		"build:weapp": "taro build --type weapp",
  		"build:swan": "taro build --type swan",
  		"build:alipay": "taro build --type alipay",
  		"build:tt": "taro build --type tt",
  		"build:h5": "taro build --type h5",
  		"build:rn": "taro build --type rn",
  		"dev:weapp": "npm run build:weapp -- --watch",
  		"dev:swan": "npm run build:swan -- --watch",
  		"dev:alipay": "npm run build:alipay -- --watch",
  		"dev:tt": "npm run build:tt -- --watch",
  		"dev:h5": "npm run build:h5 -- --watch",
  		"dev:rn": "npm run build:rn -- --watch"
  	},
  	"author": "",
  	"license": "MIT",
  	"dependencies": {
  		"@tarojs/async-await": "1.2.26",
  		"@tarojs/components": "1.2.26",
  		"@tarojs/redux": "1.2.26",
  		"@tarojs/redux-h5": "1.2.26",
  		"@tarojs/router": "1.2.26",
  		"@tarojs/taro": "1.2.26",
  		"@tarojs/taro-alipay": "1.2.26",
  		"@tarojs/taro-h5": "1.2.26",
  		"@tarojs/taro-swan": "1.2.26",
  		"@tarojs/taro-tt": "1.2.26",
  		"@tarojs/taro-weapp": "1.2.26",
  		"nervjs": "^1.3.13",
  		"nerv-devtools": "^1.3.13",
  		"redux": "^4.0.1",
  		"redux-logger": "^3.0.6",
  		"redux-thunk": "^2.3.0"
  	},
  	"devDependencies": {
  		"@types/react": "^16.8.16",
  		"@types/webpack-env": "^1.13.9",
  		"@tarojs/plugin-babel": "1.2.26",
  		"@tarojs/plugin-csso": "1.2.26",
  		"@tarojs/plugin-less": "1.2.26",
  		"@tarojs/plugin-uglifyjs": "1.2.26",
  		"@tarojs/webpack-runner": "1.2.26",
  		"babel-plugin-transform-class-properties": "^6.24.1",
  		"babel-plugin-transform-decorators-legacy": "^1.3.5",
  		"babel-plugin-transform-jsx-stylesheet": "^0.6.5",
  		"babel-plugin-transform-object-rest-spread": "^6.26.0",
  		"babel-preset-env": "^1.7.0",
  		"babel-eslint": "^10.0.1",
  		"eslint": "^5.16.0",
  		"eslint-config-taro": "1.2.26",
  		"eslint-plugin-react": "^7.13.0",
  		"eslint-plugin-import": "^2.17.2",
  		"eslint-plugin-taro": "1.2.26"
  	}
  }

yarn manifest: 
  No manifest

Lockfile: 
  No lockfile
